Symlinking /home/ubuntu20-04/ros1_workspaces/2pick_and_place_ws/devel/include/franka_core_msgs/JointLimits.h
Symlinking /home/ubuntu20-04/ros1_workspaces/2pick_and_place_ws/devel/include/franka_core_msgs/RobotState.h
Symlinking /home/ubuntu20-04/ros1_workspaces/2pick_and_place_ws/devel/include/franka_core_msgs/JointControllerStates.h
Symlinking /home/ubuntu20-04/ros1_workspaces/2pick_and_place_ws/devel/include/franka_core_msgs/JointCommand.h
Symlinking /home/ubuntu20-04/ros1_workspaces/2pick_and_place_ws/devel/include/franka_core_msgs/EndPointState.h
Symlinking /home/ubuntu20-04/ros1_workspaces/2pick_and_place_ws/devel/lib/python3/dist-packages/franka_core_msgs/__init__.py
Symlinking /home/ubuntu20-04/ros1_workspaces/2pick_and_place_ws/devel/lib/python3/dist-packages/franka_core_msgs/msg/__init__.py
Symlinking /home/ubuntu20-04/ros1_workspaces/2pick_and_place_ws/devel/lib/python3/dist-packages/franka_core_msgs/msg/_JointLimits.py
Symlinking /home/ubuntu20-04/ros1_workspaces/2pick_and_place_ws/devel/lib/python3/dist-packages/franka_core_msgs/msg/_JointCommand.py
Symlinking /home/ubuntu20-04/ros1_workspaces/2pick_and_place_ws/devel/lib/python3/dist-packages/franka_core_msgs/msg/_RobotState.py
Symlinking /home/ubuntu20-04/ros1_workspaces/2pick_and_place_ws/devel/lib/python3/dist-packages/franka_core_msgs/msg/_EndPointState.py
Symlinking /home/ubuntu20-04/ros1_workspaces/2pick_and_place_ws/devel/lib/python3/dist-packages/franka_core_msgs/msg/_JointControllerStates.py
Symlinking /home/ubuntu20-04/ros1_workspaces/2pick_and_place_ws/devel/lib/pkgconfig/franka_core_msgs.pc
Symlinking /home/ubuntu20-04/ros1_workspaces/2pick_and_place_ws/devel/share/common-lisp/ros/franka_core_msgs/msg/RobotState.lisp
Symlinking /home/ubuntu20-04/ros1_workspaces/2pick_and_place_ws/devel/share/common-lisp/ros/franka_core_msgs/msg/franka_core_msgs-msg.asd
Symlinking /home/ubuntu20-04/ros1_workspaces/2pick_and_place_ws/devel/share/common-lisp/ros/franka_core_msgs/msg/JointControllerStates.lisp
Symlinking /home/ubuntu20-04/ros1_workspaces/2pick_and_place_ws/devel/share/common-lisp/ros/franka_core_msgs/msg/_package_JointControllerStates.lisp
Symlinking /home/ubuntu20-04/ros1_workspaces/2pick_and_place_ws/devel/share/common-lisp/ros/franka_core_msgs/msg/_package.lisp
Symlinking /home/ubuntu20-04/ros1_workspaces/2pick_and_place_ws/devel/share/common-lisp/ros/franka_core_msgs/msg/_package_JointLimits.lisp
Symlinking /home/ubuntu20-04/ros1_workspaces/2pick_and_place_ws/devel/share/common-lisp/ros/franka_core_msgs/msg/_package_EndPointState.lisp
Symlinking /home/ubuntu20-04/ros1_workspaces/2pick_and_place_ws/devel/share/common-lisp/ros/franka_core_msgs/msg/_package_JointCommand.lisp
Symlinking /home/ubuntu20-04/ros1_workspaces/2pick_and_place_ws/devel/share/common-lisp/ros/franka_core_msgs/msg/_package_RobotState.lisp
Symlinking /home/ubuntu20-04/ros1_workspaces/2pick_and_place_ws/devel/share/common-lisp/ros/franka_core_msgs/msg/JointCommand.lisp
Symlinking /home/ubuntu20-04/ros1_workspaces/2pick_and_place_ws/devel/share/common-lisp/ros/franka_core_msgs/msg/JointLimits.lisp
Symlinking /home/ubuntu20-04/ros1_workspaces/2pick_and_place_ws/devel/share/common-lisp/ros/franka_core_msgs/msg/EndPointState.lisp
Symlinking /home/ubuntu20-04/ros1_workspaces/2pick_and_place_ws/devel/share/franka_core_msgs/cmake/franka_core_msgs-msg-extras.cmake
Symlinking /home/ubuntu20-04/ros1_workspaces/2pick_and_place_ws/devel/share/franka_core_msgs/cmake/franka_core_msgsConfig.cmake
Symlinking /home/ubuntu20-04/ros1_workspaces/2pick_and_place_ws/devel/share/franka_core_msgs/cmake/franka_core_msgs-msg-paths.cmake
Symlinking /home/ubuntu20-04/ros1_workspaces/2pick_and_place_ws/devel/share/franka_core_msgs/cmake/franka_core_msgsConfig-version.cmake
Symlinking /home/ubuntu20-04/ros1_workspaces/2pick_and_place_ws/devel/share/roseus/ros/franka_core_msgs/manifest.l
Symlinking /home/ubuntu20-04/ros1_workspaces/2pick_and_place_ws/devel/share/roseus/ros/franka_core_msgs/msg/JointCommand.l
Symlinking /home/ubuntu20-04/ros1_workspaces/2pick_and_place_ws/devel/share/roseus/ros/franka_core_msgs/msg/RobotState.l
Symlinking /home/ubuntu20-04/ros1_workspaces/2pick_and_place_ws/devel/share/roseus/ros/franka_core_msgs/msg/JointControllerStates.l
Symlinking /home/ubuntu20-04/ros1_workspaces/2pick_and_place_ws/devel/share/roseus/ros/franka_core_msgs/msg/JointLimits.l
Symlinking /home/ubuntu20-04/ros1_workspaces/2pick_and_place_ws/devel/share/roseus/ros/franka_core_msgs/msg/EndPointState.l
Symlinking /home/ubuntu20-04/ros1_workspaces/2pick_and_place_ws/devel/share/gennodejs/ros/franka_core_msgs/_index.js
Symlinking /home/ubuntu20-04/ros1_workspaces/2pick_and_place_ws/devel/share/gennodejs/ros/franka_core_msgs/msg/_index.js
Symlinking /home/ubuntu20-04/ros1_workspaces/2pick_and_place_ws/devel/share/gennodejs/ros/franka_core_msgs/msg/JointLimits.js
Symlinking /home/ubuntu20-04/ros1_workspaces/2pick_and_place_ws/devel/share/gennodejs/ros/franka_core_msgs/msg/EndPointState.js
Symlinking /home/ubuntu20-04/ros1_workspaces/2pick_and_place_ws/devel/share/gennodejs/ros/franka_core_msgs/msg/JointControllerStates.js
Symlinking /home/ubuntu20-04/ros1_workspaces/2pick_and_place_ws/devel/share/gennodejs/ros/franka_core_msgs/msg/JointCommand.js
Symlinking /home/ubuntu20-04/ros1_workspaces/2pick_and_place_ws/devel/share/gennodejs/ros/franka_core_msgs/msg/RobotState.js
