CMake Warning (dev) at CMakeLists.txt:2 (project):
  Policy CMP0048 is not set: project() command manages VERSION variables.
  Run "cmake --help-policy CMP0048" for policy details.  Use the cmake_policy
  command to set the policy and suppress this warning.

  The following variable(s) would be set to empty:

    CMAKE_PROJECT_VERSION
    CMAKE_PROJECT_VERSION_MAJOR
    CMAKE_PROJECT_VERSION_MINOR
    CMAKE_PROJECT_VERSION_PATCH
This warning is for project developers.  Use -Wno-dev to suppress it.

-- Using CATKIN_DEVEL_PREFIX: /home/ubuntu20-04/ros1_workspaces/2pick_and_place_ws/devel/.private/franka_moveit
-- Using CMAKE_PREFIX_PATH: /home/ubuntu20-04/ros1_workspaces/2pick_and_place_ws/devel;/opt/ros/noetic
-- This workspace overlays: /home/ubuntu20-04/ros1_workspaces/2pick_and_place_ws/devel;/opt/ros/noetic
-- Found PythonInterp: /usr/bin/python3 (found suitable version "3.8.10", minimum required is "3") 
-- Using PYTHON_EXECUTABLE: /usr/bin/python3
-- Using Debian Python package layout
-- Using empy: /usr/lib/python3/dist-packages/em.py
-- Using CATKIN_ENABLE_TESTING: ON
-- Call enable_testing()
-- Using CATKIN_TEST_RESULTS_DIR: /home/ubuntu20-04/ros1_workspaces/2pick_and_place_ws/build/franka_moveit/test_results
-- Forcing gtest/gmock from source, though one was otherwise available.
-- Found gtest sources under '/usr/src/googletest': gtests will be built
-- Found gmock sources under '/usr/src/googletest': gmock will be built
-- Found PythonInterp: /usr/bin/python3 (found version "3.8.10") 
-- Using Python nosetests: /usr/bin/nosetests3
-- catkin 0.8.10
-- BUILD_SHARED_LIBS is on
-- Installing devel-space wrapper /home/ubuntu20-04/ros1_workspaces/2pick_and_place_ws/src/franka_ros_interface/franka_moveit/scripts/create_demo_planning_scene.py to /home/ubuntu20-04/ros1_workspaces/2pick_and_place_ws/devel/.private/franka_moveit/lib/franka_moveit
-- Installing devel-space wrapper /home/ubuntu20-04/ros1_workspaces/2pick_and_place_ws/src/franka_ros_interface/franka_moveit/tests/test_scene_interface.py to /home/ubuntu20-04/ros1_workspaces/2pick_and_place_ws/devel/.private/franka_moveit/lib/franka_moveit
-- Configuring done
-- Generating done
-- Build files have been written to: /home/ubuntu20-04/ros1_workspaces/2pick_and_place_ws/build/franka_moveit
